2026-03-28T14:52:25.581-04:00  INFO 3752 --- [eureka-server] [main] com.chirayu.ecom.EurekaApplication       : Starting EurekaApplication using Java 21.0.10 with PID 3752 (/Users/chirayu/Documents/E-com-micro/eureka/target/classes started by chirayu in /Users/chirayu/Documents/E-com-micro)
2026-03-28T14:52:25.582-04:00 DEBUG 3752 --- [eureka-server] [main] com.chirayu.ecom.EurekaApplication       : Running with Spring Boot v3.4.3, Spring v6.2.3
2026-03-28T14:52:25.583-04:00  INFO 3752 --- [eureka-server] [main] com.chirayu.ecom.EurekaApplication       : No active profile set, falling back to 1 default profile: "default"
2026-03-28T14:52:25.593-04:00  INFO 3752 --- [eureka-server] [main] o.s.c.c.c.ConfigServerConfigDataLoader   : Fetching config from server at : http://localhost:8888
2026-03-28T14:52:25.593-04:00  INFO 3752 --- [eureka-server] [main] o.s.c.c.c.ConfigServerConfigDataLoader   : Located environment: name=eureka-server, profiles=[default], label=null, version=null, state=null
2026-03-28T14:52:25.868-04:00  INFO 3752 --- [eureka-server] [main] o.s.cloud.context.scope.GenericScope     : BeanFactory id=9053bbfe-f471-3904-bf94-fc7f503ca19e
2026-03-28T14:52:25.942-04:00  INFO 3752 --- [eureka-server] [main] o.s.b.w.embedded.tomcat.TomcatWebServer  : Tomcat initialized with port 8761 (http)
2026-03-28T14:52:25.946-04:00  INFO 3752 --- [eureka-server] [main] o.apache.catalina.core.StandardService   : Starting service [Tomcat]
2026-03-28T14:52:25.947-04:00  INFO 3752 --- [eureka-server] [main] o.apache.catalina.core.StandardEngine    : Starting Servlet engine: [Apache Tomcat/10.1.36]
2026-03-28T14:52:25.962-04:00  INFO 3752 --- [eureka-server] [main] o.a.c.c.C.[Tomcat].[localhost].[/]       : Initializing Spring embedded WebApplicationContext
2026-03-28T14:52:25.962-04:00  INFO 3752 --- [eureka-server] [main] w.s.c.ServletWebServerApplicationContext : Root WebApplicationContext: initialization completed in 369 ms
2026-03-28T14:52:26.199-04:00  INFO 3752 --- [eureka-server] [main] c.n.d.provider.DiscoveryJerseyProvider   : Using JSON encoding codec LegacyJacksonJson
2026-03-28T14:52:26.199-04:00  INFO 3752 --- [eureka-server] [main] c.n.d.provider.DiscoveryJerseyProvider   : Using JSON decoding codec LegacyJacksonJson
2026-03-28T14:52:26.249-04:00  INFO 3752 --- [eureka-server] [main] c.n.d.provider.DiscoveryJerseyProvider   : Using XML encoding codec XStreamXml
2026-03-28T14:52:26.249-04:00  INFO 3752 --- [eureka-server] [main] c.n.d.provider.DiscoveryJerseyProvider   : Using XML decoding codec XStreamXml
2026-03-28T14:52:26.288-04:00  INFO 3752 --- [eureka-server] [main] o.s.v.b.OptionalValidatorFactoryBean     : Failed to set up a Bean Validation provider: jakarta.validation.NoProviderFoundException: Unable to create a Configuration, because no Jakarta Bean Validation provider could be found. Add a provider like Hibernate Validator (RI) to your classpath.
2026-03-28T14:52:26.464-04:00  WARN 3752 --- [eureka-server] [main] iguration$LoadBalancerCaffeineWarnLogger : Spring Cloud LoadBalancer is currently working with the default cache. While this cache implementation is useful for development and tests, it's recommended to use Caffeine cache in production.You can switch to using Caffeine cache, by adding it and org.springframework.cache.caffeine.CaffeineCacheManager to the classpath.
2026-03-28T14:52:26.469-04:00  INFO 3752 --- [eureka-server] [main] o.s.c.n.eureka.InstanceInfoFactory       : Setting initial instance status as: STARTING
2026-03-28T14:52:26.474-04:00  INFO 3752 --- [eureka-server] [main] com.netflix.discovery.DiscoveryClient    : Initializing Eureka in region us-east-1
2026-03-28T14:52:26.474-04:00  INFO 3752 --- [eureka-server] [main] com.netflix.discovery.DiscoveryClient    : Client configured to neither register nor query for data.
2026-03-28T14:52:26.475-04:00  INFO 3752 --- [eureka-server] [main] com.netflix.discovery.DiscoveryClient    : Discovery Client initialized at timestamp 1774723946475 with initial instances count: 0
2026-03-28T14:52:26.486-04:00  INFO 3752 --- [eureka-server] [main] c.n.eureka.DefaultEurekaServerContext    : Initializing ...
2026-03-28T14:52:26.486-04:00  INFO 3752 --- [eureka-server] [main] c.n.eureka.cluster.PeerEurekaNodes       : Adding new peer nodes [http://localhost:8761/eureka/]
2026-03-28T14:52:26.518-04:00  INFO 3752 --- [eureka-server] [main] c.n.d.provider.DiscoveryJerseyProvider   : Using JSON encoding codec LegacyJacksonJson
2026-03-28T14:52:26.518-04:00  INFO 3752 --- [eureka-server] [main] c.n.d.provider.DiscoveryJerseyProvider   : Using JSON decoding codec LegacyJacksonJson
2026-03-28T14:52:26.518-04:00  INFO 3752 --- [eureka-server] [main] c.n.d.provider.DiscoveryJerseyProvider   : Using XML encoding codec XStreamXml
2026-03-28T14:52:26.518-04:00  INFO 3752 --- [eureka-server] [main] c.n.d.provider.DiscoveryJerseyProvider   : Using XML decoding codec XStreamXml
2026-03-28T14:52:26.528-04:00  INFO 3752 --- [eureka-server] [main] c.n.eureka.cluster.PeerEurekaNodes       : Replica node URL:  http://localhost:8761/eureka/
2026-03-28T14:52:26.531-04:00  INFO 3752 --- [eureka-server] [main] c.n.e.registry.AbstractInstanceRegistry  : Finished initializing remote region registries. All known remote regions: []
2026-03-28T14:52:26.531-04:00  INFO 3752 --- [eureka-server] [main] c.n.eureka.DefaultEurekaServerContext    : Initialized
2026-03-28T14:52:26.534-04:00  INFO 3752 --- [eureka-server] [main] o.s.b.a.e.web.EndpointLinksResolver      : Exposing 1 endpoint beneath base path '/actuator'
2026-03-28T14:52:26.546-04:00  INFO 3752 --- [eureka-server] [main] o.s.c.n.e.s.EurekaServiceRegistry        : Registering application EUREKA-SERVER with eureka with status UP
2026-03-28T14:52:26.549-04:00  INFO 3752 --- [eureka-server] [Thread-9] o.s.c.n.e.server.EurekaServerBootstrap   : isAws returned false
2026-03-28T14:52:26.549-04:00  INFO 3752 --- [eureka-server] [Thread-9] o.s.c.n.e.server.EurekaServerBootstrap   : Initialized server context
2026-03-28T14:52:26.549-04:00  INFO 3752 --- [eureka-server] [Thread-9] c.n.e.r.PeerAwareInstanceRegistryImpl    : Got 1 instances from neighboring DS node
2026-03-28T14:52:26.549-04:00  INFO 3752 --- [eureka-server] [Thread-9] c.n.e.r.PeerAwareInstanceRegistryImpl    : Renew threshold is: 1
2026-03-28T14:52:26.549-04:00  INFO 3752 --- [eureka-server] [Thread-9] c.n.e.r.PeerAwareInstanceRegistryImpl    : Changing status to UP
2026-03-28T14:52:26.550-04:00  INFO 3752 --- [eureka-server] [Thread-9] e.s.EurekaServerInitializerConfiguration : Started Eureka Server
2026-03-28T14:52:26.552-04:00  INFO 3752 --- [eureka-server] [main] o.s.b.w.embedded.tomcat.TomcatWebServer  : Tomcat started on port 8761 (http) with context path '/'
2026-03-28T14:52:26.552-04:00  INFO 3752 --- [eureka-server] [main] .s.c.n.e.s.EurekaAutoServiceRegistration : Updating port to 8761
2026-03-28T14:52:26.558-04:00  INFO 3752 --- [eureka-server] [main] com.chirayu.ecom.EurekaApplication       : Started EurekaApplication in 1.278 seconds (process running for 1.492)
2026-03-28T14:52:30.130-04:00  INFO 3752 --- [eureka-server] [http-nio-8761-exec-1] o.a.c.c.C.[Tomcat].[localhost].[/]       : Initializing Spring DispatcherServlet 'dispatcherServlet'
2026-03-28T14:52:30.131-04:00  INFO 3752 --- [eureka-server] [http-nio-8761-exec-1] o.s.web.servlet.DispatcherServlet        : Initializing Servlet 'dispatcherServlet'
2026-03-28T14:52:30.132-04:00  INFO 3752 --- [eureka-server] [http-nio-8761-exec-1] o.s.web.servlet.DispatcherServlet        : Completed initialization in 1 ms
2026-03-28T14:52:35.917-04:00  INFO 3752 --- [eureka-server] [SpringApplicationShutdownHook] o.s.c.n.e.s.EurekaServiceRegistry        : Unregistering application EUREKA-SERVER with eureka with status DOWN
2026-03-28T14:52:35.918-04:00  INFO 3752 --- [eureka-server] [SpringApplicationShutdownHook] o.s.b.w.e.tomcat.GracefulShutdown        : Commencing graceful shutdown. Waiting for active requests to complete
2026-03-28T14:52:35.919-04:00  INFO 3752 --- [eureka-server] [tomcat-shutdown] o.s.b.w.e.tomcat.GracefulShutdown        : Graceful shutdown complete
2026-03-28T14:52:35.920-04:00  INFO 3752 --- [eureka-server] [SpringApplicationShutdownHook] o.s.c.n.e.server.EurekaServerBootstrap   : Shutting down Eureka Server..
2026-03-28T14:52:35.920-04:00  INFO 3752 --- [eureka-server] [SpringApplicationShutdownHook] c.n.eureka.DefaultEurekaServerContext    : Shutting down ...
2026-03-28T14:52:35.921-04:00  INFO 3752 --- [eureka-server] [SpringApplicationShutdownHook] c.n.eureka.DefaultEurekaServerContext    : Shut down
2026-03-28T14:52:35.921-04:00  INFO 3752 --- [eureka-server] [SpringApplicationShutdownHook] o.s.c.n.e.server.EurekaServerBootstrap   : Eureka Service is now shutdown...
2026-03-28T14:52:35.921-04:00  INFO 3752 --- [eureka-server] [SpringApplicationShutdownHook] c.n.eureka.DefaultEurekaServerContext    : Shutting down ...
2026-03-28T14:52:35.921-04:00  INFO 3752 --- [eureka-server] [SpringApplicationShutdownHook] c.n.eureka.DefaultEurekaServerContext    : Shut down
2026-03-28T14:52:35.921-04:00 ERROR 3752 --- [eureka-server] [Eureka-Jersey3Client-Conn-Cleaner2] c.n.d.s.t.j.EurekaJersey3ClientImpl      : Cannot clean connections

java.lang.IllegalStateException: Client instance has been closed.
	at org.glassfish.jersey.internal.guava.Preconditions.checkState(Preconditions.java:169) ~[jersey-common-3.1.10.jar:na]
	at org.glassfish.jersey.client.JerseyClient.checkNotClosed(JerseyClient.java:248) ~[jersey-client-3.1.10.jar:na]
	at org.glassfish.jersey.client.JerseyClient.getConfiguration(JerseyClient.java:363) ~[jersey-client-3.1.10.jar:na]
	at org.glassfish.jersey.client.JerseyClient.getConfiguration(JerseyClient.java:54) ~[jersey-client-3.1.10.jar:na]
	at com.netflix.discovery.shared.transport.jersey3.EurekaJersey3ClientImpl$ConnectionCleanerTask.run(EurekaJersey3ClientImpl.java:338) ~[eureka-client-jersey3-2.0.4.jar:2.0.4]
	at java.base/java.util.concurrent.Executors$RunnableAdapter.call(Executors.java:572) ~[na:na]
	at java.base/java.util.concurrent.FutureTask.run(FutureTask.java:317) ~[na:na]
	at java.base/java.util.concurrent.ScheduledThreadPoolExecutor$ScheduledFutureTask.run(ScheduledThreadPoolExecutor.java:304) ~[na:na]
	at java.base/java.util.concurrent.ThreadPoolExecutor.runWorker(ThreadPoolExecutor.java:1144) ~[na:na]
	at java.base/java.util.concurrent.ThreadPoolExecutor$Worker.run(ThreadPoolExecutor.java:642) ~[na:na]
	at java.base/java.lang.Thread.run(Thread.java:1583) ~[na:na]

2026-03-28T14:52:35.922-04:00  INFO 3752 --- [eureka-server] [SpringApplicationShutdownHook] com.netflix.discovery.DiscoveryClient    : Shutting down DiscoveryClient ...
2026-03-28T14:52:35.922-04:00  INFO 3752 --- [eureka-server] [SpringApplicationShutdownHook] com.netflix.discovery.DiscoveryClient    : Completed shut down of DiscoveryClient
