2026-03-24T00:25:32.425-04:00  INFO 4870 --- [notification-service] [main] [                                                 ] c.chirayu.ecom.NotificationApplication   : Starting NotificationApplication using Java 21.0.10 with PID 4870 (/Users/chirayu/Documents/E-com-micro/notification/target/classes started by chirayu in /Users/chirayu/Documents/E-com-micro)
2026-03-24T00:25:32.428-04:00 DEBUG 4870 --- [notification-service] [main] [                                                 ] c.chirayu.ecom.NotificationApplication   : Running with Spring Boot v3.4.3, Spring v6.2.3
2026-03-24T00:25:32.428-04:00  INFO 4870 --- [notification-service] [main] [                                                 ] c.chirayu.ecom.NotificationApplication   : No active profile set, falling back to 1 default profile: "default"
2026-03-24T00:25:32.444-04:00  INFO 4870 --- [notification-service] [main] [                                                 ] o.s.c.c.c.ConfigServerConfigDataLoader   : Fetching config from server at : http://localhost:8888
2026-03-24T00:25:32.444-04:00  INFO 4870 --- [notification-service] [main] [                                                 ] o.s.c.c.c.ConfigServerConfigDataLoader   : Located environment: name=notification-service, profiles=[default], label=null, version=null, state=null
2026-03-24T00:25:32.829-04:00  INFO 4870 --- [notification-service] [main] [                                                 ] .s.d.r.c.RepositoryConfigurationDelegate : Bootstrapping Spring Data MongoDB repositories in DEFAULT mode.
2026-03-24T00:25:32.880-04:00  INFO 4870 --- [notification-service] [main] [                                                 ] .s.d.r.c.RepositoryConfigurationDelegate : Finished Spring Data repository scanning in 47 ms. Found 1 MongoDB repository interface.
2026-03-24T00:25:32.966-04:00  INFO 4870 --- [notification-service] [main] [                                                 ] faultConfiguringBeanFactoryPostProcessor : No bean named 'errorChannel' has been explicitly defined. Therefore, a default PublishSubscribeChannel will be created.
2026-03-24T00:25:32.969-04:00  INFO 4870 --- [notification-service] [main] [                                                 ] faultConfiguringBeanFactoryPostProcessor : No bean named 'integrationHeaderChannelRegistry' has been explicitly defined. Therefore, a default DefaultHeaderChannelRegistry will be created.
2026-03-24T00:25:33.008-04:00  INFO 4870 --- [notification-service] [main] [                                                 ] o.s.cloud.context.scope.GenericScope     : BeanFactory id=5d928137-c6ae-3bf6-bff3-2184f676dc21
2026-03-24T00:25:33.153-04:00  INFO 4870 --- [notification-service] [main] [                                                 ] o.s.b.w.embedded.tomcat.TomcatWebServer  : Tomcat initialized with port 8084 (http)
2026-03-24T00:25:33.157-04:00  INFO 4870 --- [notification-service] [main] [                                                 ] o.apache.catalina.core.StandardService   : Starting service [Tomcat]
2026-03-24T00:25:33.157-04:00  INFO 4870 --- [notification-service] [main] [                                                 ] o.apache.catalina.core.StandardEngine    : Starting Servlet engine: [Apache Tomcat/10.1.36]
2026-03-24T00:25:33.175-04:00  INFO 4870 --- [notification-service] [main] [                                                 ] o.a.c.c.C.[Tomcat].[localhost].[/]       : Initializing Spring embedded WebApplicationContext
2026-03-24T00:25:33.175-04:00  INFO 4870 --- [notification-service] [main] [                                                 ] w.s.c.ServletWebServerApplicationContext : Root WebApplicationContext: initialization completed in 730 ms
2026-03-24T00:25:33.417-04:00  INFO 4870 --- [notification-service] [main] [                                                 ] org.mongodb.driver.client                : MongoClient with metadata {"driver": {"name": "mongo-java-driver|sync|spring-boot", "version": "5.2.1"}, "os": {"type": "Darwin", "name": "Mac OS X", "architecture": "aarch64", "version": "26.3.1"}, "platform": "Java/Homebrew/21.0.10"} created with settings MongoClientSettings{readPreference=primary, writeConcern=WriteConcern{w=null, wTimeout=null ms, journal=null}, retryWrites=true, retryReads=true, readConcern=ReadConcern{level=null}, credential=MongoCredential{mechanism=null, userName='chirayu', source='admin', password=<hidden>, mechanismProperties=<hidden>}, transportSettings=null, commandListeners=[io.micrometer.core.instrument.binder.mongodb.MongoMetricsCommandListener@4a8bf1dc], codecRegistry=ProvidersCodecRegistry{codecProviders=[ValueCodecProvider{}, BsonValueCodecProvider{}, DBRefCodecProvider{}, DBObjectCodecProvider{}, DocumentCodecProvider{}, CollectionCodecProvider{}, IterableCodecProvider{}, MapCodecProvider{}, GeoJsonCodecProvider{}, GridFSFileCodecProvider{}, Jsr310CodecProvider{}, JsonObjectCodecProvider{}, BsonCodecProvider{}, EnumCodecProvider{}, com.mongodb.client.model.mql.ExpressionCodecProvider@61aa6300, com.mongodb.Jep395RecordCodecProvider@7e2e0b8a, com.mongodb.KotlinCodecProvider@7f5f7731]}, loggerSettings=LoggerSettings{maxDocumentLength=1000}, clusterSettings={hosts=[localhost:27017], srvServiceName=mongodb, mode=SINGLE, requiredClusterType=UNKNOWN, requiredReplicaSetName='null', serverSelector='null', clusterListeners='[]', serverSelectionTimeout='30000 ms', localThreshold='15 ms'}, socketSettings=SocketSettings{connectTimeoutMS=10000, readTimeoutMS=0, receiveBufferSize=0, proxySettings=ProxySettings{host=null, port=null, username=null, password=null}}, heartbeatSocketSettings=SocketSettings{connectTimeoutMS=10000, readTimeoutMS=10000, receiveBufferSize=0, proxySettings=ProxySettings{host=null, port=null, username=null, password=null}}, connectionPoolSettings=ConnectionPoolSettings{maxSize=100, minSize=0, maxWaitTimeMS=120000, maxConnectionLifeTimeMS=0, maxConnectionIdleTimeMS=0, maintenanceInitialDelayMS=0, maintenanceFrequencyMS=60000, connectionPoolListeners=[io.micrometer.core.instrument.binder.mongodb.MongoMetricsConnectionPoolListener@6a4f7c17], maxConnecting=2}, serverSettings=ServerSettings{heartbeatFrequencyMS=10000, minHeartbeatFrequencyMS=500, serverMonitoringMode=AUTO, serverListeners='[]', serverMonitorListeners='[]'}, sslSettings=SslSettings{enabled=false, invalidHostNameAllowed=false, context=null}, applicationName='null', compressorList=[], uuidRepresentation=JAVA_LEGACY, serverApi=null, autoEncryptionSettings=null, dnsClient=null, inetAddressResolver=null, contextProvider=null, timeoutMS=null}
2026-03-24T00:25:33.431-04:00  INFO 4870 --- [notification-service] [cluster-ClusterId{value='69c2123d0ce7887db2cf6253', description='null'}-localhost:27017] [                                                 ] org.mongodb.driver.cluster               : Monitor thread successfully connected to server with description ServerDescription{address=localhost:27017, type=STANDALONE, cryptd=false, state=CONNECTED, ok=true, minWireVersion=0, maxWireVersion=27, maxDocumentSize=16777216, logicalSessionTimeoutMinutes=30, roundTripTimeNanos=10610667, minRoundTripTimeNanos=0}
2026-03-24T00:25:33.919-04:00  INFO 4870 --- [notification-service] [main] [                                                 ] o.s.c.s.m.DirectWithAttributesChannel    : Channel 'notification-service.springCloudBusInput' has 1 subscriber(s).
2026-03-24T00:25:34.019-04:00  INFO 4870 --- [notification-service] [main] [                                                 ] DiscoveryClientOptionalArgsConfiguration : Eureka HTTP Client uses RestTemplate.
2026-03-24T00:25:34.045-04:00  WARN 4870 --- [notification-service] [main] [                                                 ] iguration$LoadBalancerCaffeineWarnLogger : Spring Cloud LoadBalancer is currently working with the default cache. While this cache implementation is useful for development and tests, it's recommended to use Caffeine cache in production.You can switch to using Caffeine cache, by adding it and org.springframework.cache.caffeine.CaffeineCacheManager to the classpath.
2026-03-24T00:25:34.049-04:00  INFO 4870 --- [notification-service] [main] [                                                 ] o.s.b.a.e.web.EndpointLinksResolver      : Exposing 25 endpoints beneath base path '/actuator'
2026-03-24T00:25:34.116-04:00  INFO 4870 --- [notification-service] [main] [                                                 ] o.s.i.endpoint.EventDrivenConsumer       : Adding {logging-channel-adapter:_org.springframework.integration.errorLogger} as a subscriber to the 'errorChannel' channel
2026-03-24T00:25:34.116-04:00  INFO 4870 --- [notification-service] [main] [                                                 ] o.s.i.channel.PublishSubscribeChannel    : Channel 'notification-service.errorChannel' has 1 subscriber(s).
2026-03-24T00:25:34.116-04:00  INFO 4870 --- [notification-service] [main] [                                                 ] o.s.i.endpoint.EventDrivenConsumer       : started bean '_org.springframework.integration.errorLogger'
2026-03-24T00:25:34.124-04:00  INFO 4870 --- [notification-service] [main] [                                                 ] o.s.c.n.eureka.InstanceInfoFactory       : Setting initial instance status as: STARTING
2026-03-24T00:25:34.132-04:00  INFO 4870 --- [notification-service] [main] [                                                 ] com.netflix.discovery.DiscoveryClient    : Initializing Eureka in region us-east-1
2026-03-24T00:25:34.134-04:00  INFO 4870 --- [notification-service] [main] [                                                 ] c.n.d.s.r.aws.ConfigClusterResolver      : Resolving eureka endpoints via configuration
2026-03-24T00:25:34.137-04:00  INFO 4870 --- [notification-service] [main] [                                                 ] com.netflix.discovery.DiscoveryClient    : Disable delta property : false
2026-03-24T00:25:34.137-04:00  INFO 4870 --- [notification-service] [main] [                                                 ] com.netflix.discovery.DiscoveryClient    : Single vip registry refresh property : null
2026-03-24T00:25:34.137-04:00  INFO 4870 --- [notification-service] [main] [                                                 ] com.netflix.discovery.DiscoveryClient    : Force full registry fetch : false
2026-03-24T00:25:34.137-04:00  INFO 4870 --- [notification-service] [main] [                                                 ] com.netflix.discovery.DiscoveryClient    : Application is null : false
2026-03-24T00:25:34.137-04:00  INFO 4870 --- [notification-service] [main] [                                                 ] com.netflix.discovery.DiscoveryClient    : Registered Applications size is zero : true
2026-03-24T00:25:34.137-04:00  INFO 4870 --- [notification-service] [main] [                                                 ] com.netflix.discovery.DiscoveryClient    : Application version is -1: true
2026-03-24T00:25:34.137-04:00  INFO 4870 --- [notification-service] [main] [                                                 ] com.netflix.discovery.DiscoveryClient    : Getting all instance registry info from the eureka server
2026-03-24T00:25:34.253-04:00  INFO 4870 --- [notification-service] [main] [                                                 ] com.netflix.discovery.DiscoveryClient    : The response status is 200
2026-03-24T00:25:34.253-04:00  INFO 4870 --- [notification-service] [main] [                                                 ] com.netflix.discovery.DiscoveryClient    : Starting heartbeat executor: renew interval is: 30
2026-03-24T00:25:34.254-04:00  INFO 4870 --- [notification-service] [main] [                                                 ] c.n.discovery.InstanceInfoReplicator     : InstanceInfoReplicator onDemand update allowed rate per min is 4
2026-03-24T00:25:34.254-04:00  INFO 4870 --- [notification-service] [main] [                                                 ] com.netflix.discovery.DiscoveryClient    : Discovery Client initialized at timestamp 1774326334254 with initial instances count: 0
2026-03-24T00:25:34.256-04:00  INFO 4870 --- [notification-service] [main] [                                                 ] o.s.c.n.e.s.EurekaServiceRegistry        : Registering application NOTIFICATION-SERVICE with eureka with status UP
2026-03-24T00:25:34.256-04:00  INFO 4870 --- [notification-service] [main] [                                                 ] com.netflix.discovery.DiscoveryClient    : Saw local status change event StatusChangeEvent [timestamp=1774326334256, current=UP, previous=STARTING]
2026-03-24T00:25:34.257-04:00  INFO 4870 --- [notification-service] [DiscoveryClient-InstanceInfoReplicator-%d] [                                                 ] com.netflix.discovery.DiscoveryClient    : DiscoveryClient_NOTIFICATION-SERVICE/192.168.40.96:notification-service:8084: registering service...
2026-03-24T00:25:34.266-04:00  INFO 4870 --- [notification-service] [main] [                                                 ] o.s.b.w.embedded.tomcat.TomcatWebServer  : Tomcat started on port 8084 (http) with context path '/'
2026-03-24T00:25:34.266-04:00  INFO 4870 --- [notification-service] [main] [                                                 ] .s.c.n.e.s.EurekaAutoServiceRegistration : Updating port to 8084
2026-03-24T00:25:34.270-04:00  INFO 4870 --- [notification-service] [main] [                                                 ] o.s.c.s.binder.DefaultBinderFactory      : Creating binder: rabbit
2026-03-24T00:25:34.271-04:00  INFO 4870 --- [notification-service] [main] [                                                 ] o.s.c.s.binder.DefaultBinderFactory      : Constructing binder child context for rabbit
2026-03-24T00:25:34.291-04:00  INFO 4870 --- [notification-service] [DiscoveryClient-InstanceInfoReplicator-%d] [                                                 ] com.netflix.discovery.DiscoveryClient    : DiscoveryClient_NOTIFICATION-SERVICE/192.168.40.96:notification-service:8084 - registration status: 204
2026-03-24T00:25:34.316-04:00  INFO 4870 --- [notification-service] [main] [                                                 ] o.s.c.s.binder.DefaultBinderFactory      : Caching the binder: rabbit
2026-03-24T00:25:34.333-04:00  INFO 4870 --- [notification-service] [main] [                                                 ] c.s.b.r.p.RabbitExchangeQueueProvisioner : declaring queue for inbound: springCloudBus.anonymous.oxqy_cyJTJK6IuDB7hsGdg, bound to: springCloudBus
2026-03-24T00:25:34.336-04:00  INFO 4870 --- [notification-service] [main] [                                                 ] o.s.a.r.c.CachingConnectionFactory       : Attempting to connect to: [localhost:5672]
2026-03-24T00:25:34.358-04:00  INFO 4870 --- [notification-service] [main] [                                                 ] o.s.a.r.c.CachingConnectionFactory       : Created new connection: rabbitConnectionFactory#5b5e45bc:0/SimpleConnection@793577e0 [delegate=amqp://admin@127.0.0.1:5672/, localPort=51916]
2026-03-24T00:25:34.381-04:00  INFO 4870 --- [notification-service] [main] [                                                 ] o.s.c.stream.binder.BinderErrorChannel   : Channel 'rabbit-1519716618.springCloudBusInput.errors' has 1 subscriber(s).
2026-03-24T00:25:34.381-04:00  INFO 4870 --- [notification-service] [main] [                                                 ] o.s.c.stream.binder.BinderErrorChannel   : Channel 'rabbit-1519716618.springCloudBusInput.errors' has 2 subscriber(s).
2026-03-24T00:25:34.390-04:00  INFO 4870 --- [notification-service] [main] [                                                 ] o.s.i.a.i.AmqpInboundChannelAdapter      : started bean 'inbound.springCloudBus.anonymous.oxqy_cyJTJK6IuDB7hsGdg'
2026-03-24T00:25:34.406-04:00  INFO 4870 --- [notification-service] [main] [                                                 ] o.a.k.clients.consumer.ConsumerConfig    : ConsumerConfig values: 
	allow.auto.create.topics = true
	auto.commit.interval.ms = 5000
	auto.include.jmx.reporter = true
	auto.offset.reset = latest
	bootstrap.servers = [localhost:9092]
	check.crcs = true
	client.dns.lookup = use_all_dns_ips
	client.id = consumer-notification-group-1
	client.rack = 
	connections.max.idle.ms = 540000
	default.api.timeout.ms = 60000
	enable.auto.commit = false
	enable.metrics.push = true
	exclude.internal.topics = true
	fetch.max.bytes = 52428800
	fetch.max.wait.ms = 500
	fetch.min.bytes = 1
	group.id = notification-group
	group.instance.id = null
	group.protocol = classic
	group.remote.assignor = null
	heartbeat.interval.ms = 3000
	interceptor.classes = []
	internal.leave.group.on.close = true
	internal.throw.on.fetch.stable.offset.unsupported = false
	isolation.level = read_uncommitted
	key.deserializer = class org.apache.kafka.common.serialization.StringDeserializer
	max.partition.fetch.bytes = 1048576
	max.poll.interval.ms = 300000
	max.poll.records = 500
	metadata.max.age.ms = 300000
	metadata.recovery.strategy = none
	metric.reporters = []
	metrics.num.samples = 2
	metrics.recording.level = INFO
	metrics.sample.window.ms = 30000
	partition.assignment.strategy = [class org.apache.kafka.clients.consumer.RangeAssignor, class org.apache.kafka.clients.consumer.CooperativeStickyAssignor]
	receive.buffer.bytes = 65536
	reconnect.backoff.max.ms = 1000
	reconnect.backoff.ms = 50
	request.timeout.ms = 30000
	retry.backoff.max.ms = 1000
	retry.backoff.ms = 100
	sasl.client.callback.handler.class = null
	sasl.jaas.config = null
	sasl.kerberos.kinit.cmd = /usr/bin/kinit
	sasl.kerberos.min.time.before.relogin = 60000
	sasl.kerberos.service.name = null
	sasl.kerberos.ticket.renew.jitter = 0.05
	sasl.kerberos.ticket.renew.window.factor = 0.8
	sasl.login.callback.handler.class = null
	sasl.login.class = null
	sasl.login.connect.timeout.ms = null
	sasl.login.read.timeout.ms = null
	sasl.login.refresh.buffer.seconds = 300
	sasl.login.refresh.min.period.seconds = 60
	sasl.login.refresh.window.factor = 0.8
	sasl.login.refresh.window.jitter = 0.05
	sasl.login.retry.backoff.max.ms = 10000
	sasl.login.retry.backoff.ms = 100
	sasl.mechanism = GSSAPI
	sasl.oauthbearer.clock.skew.seconds = 30
	sasl.oauthbearer.expected.audience = null
	sasl.oauthbearer.expected.issuer = null
	sasl.oauthbearer.jwks.endpoint.refresh.ms = 3600000
	sasl.oauthbearer.jwks.endpoint.retry.backoff.max.ms = 10000
	sasl.oauthbearer.jwks.endpoint.retry.backoff.ms = 100
	sasl.oauthbearer.jwks.endpoint.url = null
	sasl.oauthbearer.scope.claim.name = scope
	sasl.oauthbearer.sub.claim.name = sub
	sasl.oauthbearer.token.endpoint.url = null
	security.protocol = PLAINTEXT
	security.providers = null
	send.buffer.bytes = 131072
	session.timeout.ms = 45000
	socket.connection.setup.timeout.max.ms = 30000
	socket.connection.setup.timeout.ms = 10000
	ssl.cipher.suites = null
	ssl.enabled.protocols = [TLSv1.2, TLSv1.3]
	ssl.endpoint.identification.algorithm = https
	ssl.engine.factory.class = null
	ssl.key.password = null
	ssl.keymanager.algorithm = SunX509
	ssl.keystore.certificate.chain = null
	ssl.keystore.key = null
	ssl.keystore.location = null
	ssl.keystore.password = null
	ssl.keystore.type = JKS
	ssl.protocol = TLSv1.3
	ssl.provider = null
	ssl.secure.random.implementation = null
	ssl.trustmanager.algorithm = PKIX
	ssl.truststore.certificates = null
	ssl.truststore.location = null
	ssl.truststore.password = null
	ssl.truststore.type = JKS
	value.deserializer = class org.springframework.kafka.support.serializer.ErrorHandlingDeserializer

2026-03-24T00:25:34.426-04:00  INFO 4870 --- [notification-service] [main] [                                                 ] o.a.k.c.t.i.KafkaMetricsCollector        : initializing Kafka metrics collector
2026-03-24T00:25:34.482-04:00  INFO 4870 --- [notification-service] [main] [                                                 ] o.a.kafka.common.utils.AppInfoParser     : Kafka version: 3.8.1
2026-03-24T00:25:34.483-04:00  INFO 4870 --- [notification-service] [main] [                                                 ] o.a.kafka.common.utils.AppInfoParser     : Kafka commitId: 70d6ff42debf7e17
2026-03-24T00:25:34.483-04:00  INFO 4870 --- [notification-service] [main] [                                                 ] o.a.kafka.common.utils.AppInfoParser     : Kafka startTimeMs: 1774326334482
2026-03-24T00:25:34.486-04:00  INFO 4870 --- [notification-service] [main] [                                                 ] o.a.k.c.c.internals.LegacyKafkaConsumer  : [Consumer clientId=consumer-notification-group-1, groupId=notification-group] Subscribed to topic(s): order.placed
2026-03-24T00:25:34.520-04:00  INFO 4870 --- [notification-service] [main] [                                                 ] c.chirayu.ecom.NotificationApplication   : Started NotificationApplication in 2.355 seconds (process running for 2.543)
2026-03-24T00:25:34.637-04:00  INFO 4870 --- [notification-service] [org.springframework.kafka.KafkaListenerEndpointContainer#0-0-C-1] [                                                 ] org.apache.kafka.clients.Metadata        : [Consumer clientId=consumer-notification-group-1, groupId=notification-group] Cluster ID: YZgHqxMtRvC2v6yQp3BWDA
2026-03-24T00:25:34.638-04:00  INFO 4870 --- [notification-service] [org.springframework.kafka.KafkaListenerEndpointContainer#0-0-C-1] [                                                 ] o.a.k.c.c.internals.ConsumerCoordinator  : [Consumer clientId=consumer-notification-group-1, groupId=notification-group] Discovered group coordinator localhost:9092 (id: 2147482646 rack: null)
2026-03-24T00:25:34.640-04:00  INFO 4870 --- [notification-service] [org.springframework.kafka.KafkaListenerEndpointContainer#0-0-C-1] [                                                 ] o.a.k.c.c.internals.ConsumerCoordinator  : [Consumer clientId=consumer-notification-group-1, groupId=notification-group] (Re-)joining group
2026-03-24T00:25:34.649-04:00  INFO 4870 --- [notification-service] [org.springframework.kafka.KafkaListenerEndpointContainer#0-0-C-1] [                                                 ] o.a.k.c.c.internals.ConsumerCoordinator  : [Consumer clientId=consumer-notification-group-1, groupId=notification-group] Request joining group due to: need to re-join with the given member-id: consumer-notification-group-1-62387c0d-2f09-46ea-b780-31aac5566b42
2026-03-24T00:25:34.649-04:00  INFO 4870 --- [notification-service] [org.springframework.kafka.KafkaListenerEndpointContainer#0-0-C-1] [                                                 ] o.a.k.c.c.internals.ConsumerCoordinator  : [Consumer clientId=consumer-notification-group-1, groupId=notification-group] (Re-)joining group
2026-03-24T00:25:35.315-04:00 ERROR 4870 --- [notification-service] [AsyncReporter{ZipkinWebClientSender{http://localhost:9411/api/v2/spans}}] [                                                 ] i.n.r.d.DnsServerAddressStreamProviders  : Unable to load io.netty.resolver.dns.macos.MacOSDnsServerAddressStreamProvider, fallback to system defaults. This may result in incorrect DNS resolutions on MacOS. Check whether you have a dependency on 'io.netty:netty-resolver-dns-native-macos'. Use DEBUG level to see the full stack: java.lang.UnsatisfiedLinkError: failed to load the required native library
2026-03-24T00:25:37.654-04:00  INFO 4870 --- [notification-service] [org.springframework.kafka.KafkaListenerEndpointContainer#0-0-C-1] [                                                 ] o.a.k.c.c.internals.ConsumerCoordinator  : [Consumer clientId=consumer-notification-group-1, groupId=notification-group] Successfully joined group with generation Generation{generationId=20, memberId='consumer-notification-group-1-62387c0d-2f09-46ea-b780-31aac5566b42', protocol='range'}
2026-03-24T00:25:37.656-04:00  INFO 4870 --- [notification-service] [org.springframework.kafka.KafkaListenerEndpointContainer#0-0-C-1] [                                                 ] o.a.k.c.c.internals.ConsumerCoordinator  : [Consumer clientId=consumer-notification-group-1, groupId=notification-group] Finished assignment for group at generation 20: {consumer-notification-group-1-62387c0d-2f09-46ea-b780-31aac5566b42=Assignment(partitions=[order.placed-0])}
2026-03-24T00:25:37.660-04:00  INFO 4870 --- [notification-service] [org.springframework.kafka.KafkaListenerEndpointContainer#0-0-C-1] [                                                 ] o.a.k.c.c.internals.ConsumerCoordinator  : [Consumer clientId=consumer-notification-group-1, groupId=notification-group] Successfully synced group in generation Generation{generationId=20, memberId='consumer-notification-group-1-62387c0d-2f09-46ea-b780-31aac5566b42', protocol='range'}
2026-03-24T00:25:37.661-04:00  INFO 4870 --- [notification-service] [org.springframework.kafka.KafkaListenerEndpointContainer#0-0-C-1] [                                                 ] o.a.k.c.c.internals.ConsumerCoordinator  : [Consumer clientId=consumer-notification-group-1, groupId=notification-group] Notifying assignor about the new Assignment(partitions=[order.placed-0])
2026-03-24T00:25:37.661-04:00  INFO 4870 --- [notification-service] [org.springframework.kafka.KafkaListenerEndpointContainer#0-0-C-1] [                                                 ] k.c.c.i.ConsumerRebalanceListenerInvoker : [Consumer clientId=consumer-notification-group-1, groupId=notification-group] Adding newly assigned partitions: order.placed-0
2026-03-24T00:25:37.666-04:00  INFO 4870 --- [notification-service] [org.springframework.kafka.KafkaListenerEndpointContainer#0-0-C-1] [                                                 ] o.a.k.c.c.internals.ConsumerUtils        : Setting offset for partition order.placed-0 to the committed offset FetchPosition{offset=11, offsetEpoch=Optional.empty, currentLeader=LeaderAndEpoch{leader=Optional[localhost:9092 (id: 1001 rack: null)], epoch=0}}
2026-03-24T00:25:37.667-04:00  INFO 4870 --- [notification-service] [org.springframework.kafka.KafkaListenerEndpointContainer#0-0-C-1] [                                                 ] o.s.k.l.KafkaMessageListenerContainer    : notification-group: partitions assigned: [order.placed-0]
2026-03-24T00:26:04.258-04:00  INFO 4870 --- [notification-service] [DiscoveryClient-CacheRefreshExecutor-%d] [                                                 ] com.netflix.discovery.DiscoveryClient    : Disable delta property : false
2026-03-24T00:26:04.258-04:00  INFO 4870 --- [notification-service] [DiscoveryClient-CacheRefreshExecutor-%d] [                                                 ] com.netflix.discovery.DiscoveryClient    : Single vip registry refresh property : null
2026-03-24T00:26:04.258-04:00  INFO 4870 --- [notification-service] [DiscoveryClient-CacheRefreshExecutor-%d] [                                                 ] com.netflix.discovery.DiscoveryClient    : Force full registry fetch : false
2026-03-24T00:26:04.259-04:00  INFO 4870 --- [notification-service] [DiscoveryClient-CacheRefreshExecutor-%d] [                                                 ] com.netflix.discovery.DiscoveryClient    : Application is null : false
2026-03-24T00:26:04.259-04:00  INFO 4870 --- [notification-service] [DiscoveryClient-CacheRefreshExecutor-%d] [                                                 ] com.netflix.discovery.DiscoveryClient    : Registered Applications size is zero : true
2026-03-24T00:26:04.259-04:00  INFO 4870 --- [notification-service] [DiscoveryClient-CacheRefreshExecutor-%d] [                                                 ] com.netflix.discovery.DiscoveryClient    : Application version is -1: false
2026-03-24T00:26:04.259-04:00  INFO 4870 --- [notification-service] [DiscoveryClient-CacheRefreshExecutor-%d] [                                                 ] com.netflix.discovery.DiscoveryClient    : Getting all instance registry info from the eureka server
2026-03-24T00:26:04.275-04:00  INFO 4870 --- [notification-service] [DiscoveryClient-CacheRefreshExecutor-%d] [                                                 ] com.netflix.discovery.DiscoveryClient    : The response status is 200
2026-03-24T00:30:34.142-04:00  INFO 4870 --- [notification-service] [AsyncResolver-bootstrap-executor-%d] [                                                 ] c.n.d.s.r.aws.ConfigClusterResolver      : Resolving eureka endpoints via configuration
2026-03-24T00:34:34.858-04:00  INFO 4870 --- [notification-service] [org.springframework.kafka.KafkaListenerEndpointContainer#0-0-C-1] [                                                 ] org.apache.kafka.clients.NetworkClient   : [Consumer clientId=consumer-notification-group-1, groupId=notification-group] Node -1 disconnected.
2026-03-24T00:35:34.149-04:00  INFO 4870 --- [notification-service] [AsyncResolver-bootstrap-executor-%d] [                                                 ] c.n.d.s.r.aws.ConfigClusterResolver      : Resolving eureka endpoints via configuration
2026-03-24T00:40:34.159-04:00  INFO 4870 --- [notification-service] [AsyncResolver-bootstrap-executor-%d] [                                                 ] c.n.d.s.r.aws.ConfigClusterResolver      : Resolving eureka endpoints via configuration
2026-03-24T00:42:19.035-04:00  INFO 4870 --- [notification-service] [org.springframework.kafka.KafkaListenerEndpointContainer#0-0-C-1] [                                                 ] c.chirayu.ecom.kafka.OrderEventConsumer  : Received order event for orderId: 25
2026-03-24T00:42:19.234-04:00  INFO 4870 --- [notification-service] [org.springframework.kafka.KafkaListenerEndpointContainer#0-0-C-1] [                                                 ] c.chirayu.ecom.service.JavaEmailService  : Email sent successfully to Kavya.patel23@gmail.com
2026-03-24T00:42:19.316-04:00  INFO 4870 --- [notification-service] [org.springframework.kafka.KafkaListenerEndpointContainer#0-0-C-1] [                                                 ] c.c.ecom.service.NotificationService     : Notification saved for orderId: 25
2026-03-24T00:43:08.714-04:00  INFO 4870 --- [notification-service] [org.springframework.kafka.KafkaListenerEndpointContainer#0-0-C-1] [                                                 ] c.chirayu.ecom.kafka.OrderEventConsumer  : Received order event for orderId: 26
2026-03-24T00:43:08.839-04:00  INFO 4870 --- [notification-service] [org.springframework.kafka.KafkaListenerEndpointContainer#0-0-C-1] [                                                 ] c.chirayu.ecom.service.JavaEmailService  : Email sent successfully to Kavya.patel23@gmail.com
2026-03-24T00:43:08.844-04:00  INFO 4870 --- [notification-service] [org.springframework.kafka.KafkaListenerEndpointContainer#0-0-C-1] [                                                 ] c.c.ecom.service.NotificationService     : Notification saved for orderId: 26
2026-03-24T00:44:34.798-04:00  INFO 4870 --- [notification-service] [org.springframework.kafka.KafkaListenerEndpointContainer#0-0-C-1] [                                                 ] org.apache.kafka.clients.NetworkClient   : [Consumer clientId=consumer-notification-group-1, groupId=notification-group] Node -1 disconnected.
2026-03-24T00:45:34.167-04:00  INFO 4870 --- [notification-service] [AsyncResolver-bootstrap-executor-%d] [                                                 ] c.n.d.s.r.aws.ConfigClusterResolver      : Resolving eureka endpoints via configuration
2026-03-24T00:50:34.171-04:00  INFO 4870 --- [notification-service] [AsyncResolver-bootstrap-executor-%d] [                                                 ] c.n.d.s.r.aws.ConfigClusterResolver      : Resolving eureka endpoints via configuration
2026-03-24T00:54:39.378-04:00  INFO 4870 --- [notification-service] [org.springframework.kafka.KafkaListenerEndpointContainer#0-0-C-1] [                                                 ] c.chirayu.ecom.kafka.OrderEventConsumer  : Received order event for orderId: 27
2026-03-24T00:54:39.504-04:00  INFO 4870 --- [notification-service] [org.springframework.kafka.KafkaListenerEndpointContainer#0-0-C-1] [                                                 ] c.chirayu.ecom.service.JavaEmailService  : Email sent successfully to Kavya.patel23@gmail.com
2026-03-24T00:54:39.510-04:00  INFO 4870 --- [notification-service] [org.springframework.kafka.KafkaListenerEndpointContainer#0-0-C-1] [                                                 ] c.c.ecom.service.NotificationService     : Notification saved for orderId: 27
2026-03-24T00:55:34.176-04:00  INFO 4870 --- [notification-service] [AsyncResolver-bootstrap-executor-%d] [                                                 ] c.n.d.s.r.aws.ConfigClusterResolver      : Resolving eureka endpoints via configuration
2026-03-24T01:00:34.178-04:00  INFO 4870 --- [notification-service] [AsyncResolver-bootstrap-executor-%d] [                                                 ] c.n.d.s.r.aws.ConfigClusterResolver      : Resolving eureka endpoints via configuration
2026-03-24T01:03:51.740-04:00  INFO 4870 --- [notification-service] [org.springframework.kafka.KafkaListenerEndpointContainer#0-0-C-1] [                                                 ] c.chirayu.ecom.kafka.OrderEventConsumer  : Received order event for orderId: 28
2026-03-24T01:03:51.865-04:00  INFO 4870 --- [notification-service] [org.springframework.kafka.KafkaListenerEndpointContainer#0-0-C-1] [                                                 ] c.chirayu.ecom.service.JavaEmailService  : Email sent successfully to Kavya.patel23@gmail.com
2026-03-24T01:03:51.869-04:00  INFO 4870 --- [notification-service] [org.springframework.kafka.KafkaListenerEndpointContainer#0-0-C-1] [                                                 ] c.c.ecom.service.NotificationService     : Notification saved for orderId: 28
2026-03-24T01:04:54.314-04:00  INFO 4870 --- [notification-service] [SpringApplicationShutdownHook] [                                                 ] o.s.c.n.e.s.EurekaServiceRegistry        : Unregistering application NOTIFICATION-SERVICE with eureka with status DOWN
2026-03-24T01:04:54.315-04:00  INFO 4870 --- [notification-service] [SpringApplicationShutdownHook] [                                                 ] com.netflix.discovery.DiscoveryClient    : Saw local status change event StatusChangeEvent [timestamp=1774328694315, current=DOWN, previous=UP]
2026-03-24T01:04:54.315-04:00  INFO 4870 --- [notification-service] [DiscoveryClient-InstanceInfoReplicator-%d] [                                                 ] com.netflix.discovery.DiscoveryClient    : DiscoveryClient_NOTIFICATION-SERVICE/192.168.40.96:notification-service:8084: registering service...
2026-03-24T01:04:54.320-04:00  INFO 4870 --- [notification-service] [DiscoveryClient-InstanceInfoReplicator-%d] [                                                 ] com.netflix.discovery.DiscoveryClient    : DiscoveryClient_NOTIFICATION-SERVICE/192.168.40.96:notification-service:8084 - registration status: 204
2026-03-24T01:04:54.323-04:00  INFO 4870 --- [notification-service] [org.springframework.kafka.KafkaListenerEndpointContainer#0-0-C-1] [                                                 ] k.c.c.i.ConsumerRebalanceListenerInvoker : [Consumer clientId=consumer-notification-group-1, groupId=notification-group] Revoke previously assigned partitions order.placed-0
2026-03-24T01:04:54.324-04:00  INFO 4870 --- [notification-service] [org.springframework.kafka.KafkaListenerEndpointContainer#0-0-C-1] [                                                 ] o.s.k.l.KafkaMessageListenerContainer    : notification-group: partitions revoked: [order.placed-0]
2026-03-24T01:04:54.324-04:00  INFO 4870 --- [notification-service] [org.springframework.kafka.KafkaListenerEndpointContainer#0-0-C-1] [                                                 ] o.a.k.c.c.internals.ConsumerCoordinator  : [Consumer clientId=consumer-notification-group-1, groupId=notification-group] Member consumer-notification-group-1-62387c0d-2f09-46ea-b780-31aac5566b42 sending LeaveGroup request to coordinator localhost:9092 (id: 2147482646 rack: null) due to the consumer unsubscribed from all topics
2026-03-24T01:04:54.324-04:00  INFO 4870 --- [notification-service] [org.springframework.kafka.KafkaListenerEndpointContainer#0-0-C-1] [                                                 ] o.a.k.c.c.internals.ConsumerCoordinator  : [Consumer clientId=consumer-notification-group-1, groupId=notification-group] Resetting generation and member id due to: consumer pro-actively leaving the group
2026-03-24T01:04:54.324-04:00  INFO 4870 --- [notification-service] [org.springframework.kafka.KafkaListenerEndpointContainer#0-0-C-1] [                                                 ] o.a.k.c.c.internals.ConsumerCoordinator  : [Consumer clientId=consumer-notification-group-1, groupId=notification-group] Request joining group due to: consumer pro-actively leaving the group
2026-03-24T01:04:54.324-04:00  INFO 4870 --- [notification-service] [org.springframework.kafka.KafkaListenerEndpointContainer#0-0-C-1] [                                                 ] o.a.k.c.c.internals.LegacyKafkaConsumer  : [Consumer clientId=consumer-notification-group-1, groupId=notification-group] Unsubscribed all topics or patterns and assigned partitions
2026-03-24T01:04:54.325-04:00  INFO 4870 --- [notification-service] [org.springframework.kafka.KafkaListenerEndpointContainer#0-0-C-1] [                                                 ] o.a.k.c.c.internals.ConsumerCoordinator  : [Consumer clientId=consumer-notification-group-1, groupId=notification-group] Resetting generation and member id due to: consumer pro-actively leaving the group
2026-03-24T01:04:54.325-04:00  INFO 4870 --- [notification-service] [org.springframework.kafka.KafkaListenerEndpointContainer#0-0-C-1] [                                                 ] o.a.k.c.c.internals.ConsumerCoordinator  : [Consumer clientId=consumer-notification-group-1, groupId=notification-group] Request joining group due to: consumer pro-actively leaving the group
2026-03-24T01:04:54.669-04:00  INFO 4870 --- [notification-service] [org.springframework.kafka.KafkaListenerEndpointContainer#0-0-C-1] [                                                 ] o.apache.kafka.common.metrics.Metrics    : Metrics scheduler closed
2026-03-24T01:04:54.669-04:00  INFO 4870 --- [notification-service] [org.springframework.kafka.KafkaListenerEndpointContainer#0-0-C-1] [                                                 ] o.apache.kafka.common.metrics.Metrics    : Closing reporter org.apache.kafka.common.metrics.JmxReporter
2026-03-24T01:04:54.669-04:00  INFO 4870 --- [notification-service] [org.springframework.kafka.KafkaListenerEndpointContainer#0-0-C-1] [                                                 ] o.apache.kafka.common.metrics.Metrics    : Closing reporter org.apache.kafka.common.telemetry.internals.ClientTelemetryReporter
2026-03-24T01:04:54.669-04:00  INFO 4870 --- [notification-service] [org.springframework.kafka.KafkaListenerEndpointContainer#0-0-C-1] [                                                 ] o.apache.kafka.common.metrics.Metrics    : Metrics reporters closed
2026-03-24T01:04:54.672-04:00  INFO 4870 --- [notification-service] [org.springframework.kafka.KafkaListenerEndpointContainer#0-0-C-1] [                                                 ] o.a.kafka.common.utils.AppInfoParser     : App info kafka.consumer for consumer-notification-group-1 unregistered
2026-03-24T01:04:54.673-04:00  INFO 4870 --- [notification-service] [org.springframework.kafka.KafkaListenerEndpointContainer#0-0-C-1] [                                                 ] o.s.k.l.KafkaMessageListenerContainer    : notification-group: Consumer stopped
2026-03-24T01:04:54.683-04:00  INFO 4870 --- [notification-service] [SpringApplicationShutdownHook] [                                                 ] o.s.a.r.l.SimpleMessageListenerContainer : Waiting for workers to finish.
2026-03-24T01:04:55.441-04:00  INFO 4870 --- [notification-service] [SpringApplicationShutdownHook] [                                                 ] o.s.a.r.l.SimpleMessageListenerContainer : Successfully waited for workers to finish.
2026-03-24T01:04:55.442-04:00  INFO 4870 --- [notification-service] [SpringApplicationShutdownHook] [                                                 ] o.s.i.a.i.AmqpInboundChannelAdapter      : stopped bean 'inbound.springCloudBus.anonymous.oxqy_cyJTJK6IuDB7hsGdg'
2026-03-24T01:04:55.451-04:00  INFO 4870 --- [notification-service] [SpringApplicationShutdownHook] [                                                 ] o.s.c.stream.binder.BinderErrorChannel   : Channel 'notification-service.rabbit-1519716618.springCloudBusInput.errors' has 1 subscriber(s).
2026-03-24T01:04:55.452-04:00  INFO 4870 --- [notification-service] [SpringApplicationShutdownHook] [                                                 ] o.s.c.stream.binder.BinderErrorChannel   : Channel 'notification-service.rabbit-1519716618.springCloudBusInput.errors' has 0 subscriber(s).
2026-03-24T01:04:55.453-04:00  INFO 4870 --- [notification-service] [SpringApplicationShutdownHook] [                                                 ] o.s.b.w.e.tomcat.GracefulShutdown        : Commencing graceful shutdown. Waiting for active requests to complete
2026-03-24T01:04:55.456-04:00  INFO 4870 --- [notification-service] [tomcat-shutdown] [                                                 ] o.s.b.w.e.tomcat.GracefulShutdown        : Graceful shutdown complete
2026-03-24T01:04:57.535-04:00  INFO 4870 --- [notification-service] [SpringApplicationShutdownHook] [                                                 ] o.s.i.endpoint.EventDrivenConsumer       : Removing {logging-channel-adapter:_org.springframework.integration.errorLogger} as a subscriber to the 'errorChannel' channel
2026-03-24T01:04:57.535-04:00  INFO 4870 --- [notification-service] [SpringApplicationShutdownHook] [                                                 ] o.s.i.channel.PublishSubscribeChannel    : Channel 'notification-service.errorChannel' has 0 subscriber(s).
2026-03-24T01:04:57.535-04:00  INFO 4870 --- [notification-service] [SpringApplicationShutdownHook] [                                                 ] o.s.i.endpoint.EventDrivenConsumer       : stopped bean '_org.springframework.integration.errorLogger'
2026-03-24T01:04:58.316-04:00  INFO 4870 --- [notification-service] [SpringApplicationShutdownHook] [                                                 ] com.netflix.discovery.DiscoveryClient    : Shutting down DiscoveryClient ...
2026-03-24T01:05:01.317-04:00  INFO 4870 --- [notification-service] [SpringApplicationShutdownHook] [                                                 ] com.netflix.discovery.DiscoveryClient    : Unregistering ...
2026-03-24T01:05:01.321-04:00  INFO 4870 --- [notification-service] [SpringApplicationShutdownHook] [                                                 ] com.netflix.discovery.DiscoveryClient    : DiscoveryClient_NOTIFICATION-SERVICE/192.168.40.96:notification-service:8084 - deregister  status: 200
2026-03-24T01:05:01.321-04:00  INFO 4870 --- [notification-service] [SpringApplicationShutdownHook] [                                                 ] com.netflix.discovery.DiscoveryClient    : Completed shut down of DiscoveryClient
